make all --print-data-base --no-builtin-variables --no-builtin-rules --question
# GNU Make 3.81
# Copyright (C) 2006  Free Software Foundation, Inc.
# This is free software; see the source for copying conditions.
# There is NO warranty; not even for MERCHANTABILITY or FITNESS FOR A
# PARTICULAR PURPOSE.

# This program built for i386-apple-darwin11.3.0
 

# Make data base, printed on Sat Jun 11 21:59:49 2022

# Variables

# automatic
<D = $(patsubst %/,%,$(dir $<))
# automatic
?F = $(notdir $?)
# makefile (from `Makefile', line 31)
OBJ := push_swap.o stock_args/read_args.o stacks/stack_new.o stacks/stack_del.o operations/operation_b.o operations/operation_a.o push_swap_utils.o sort/sort.o sort/sort_big.o
# makefile (from `Makefile', line 21)
SRC := push_swap.c stock_args/read_args.c stacks/stack_new.c stacks/stack_del.c operations/operation_b.c operations/operation_a.c push_swap_utils.c sort/sort.c sort/sort_big.c 
# environment
VSCODE_LOG_NATIVE = false
# automatic
?D = $(patsubst %/,%,$(dir $?))
# automatic
@D = $(patsubst %/,%,$(dir $@))
# automatic
@F = $(notdir $@)
# makefile
CURDIR := /Users/hameur/Documents/Cercle_II/Push_Swap
# makefile
SHELL = /bin/sh
# environment
VSCODE_NLS_CONFIG = {"locale":"en-us","availableLanguages":{},"_languagePackSupport":true}
# environment
_ = /usr/bin/make
# makefile (from `Makefile', line 19)
CFLAGS := -Wall -Wextra -Werror
# makefile (from `Makefile', line 1)
MAKEFILE_LIST :=  Makefile
# environment
VSCODE_VERBOSE_LOGGING = true
# environment
VSCODE_IPC_HOOK_EXTHOST = /var/folders/zz/zyxvpxvq6csfxvn_n000cdw80033g2/T/vscode-ipc-38d9c494-3afd-4190-8ccd-27fdd2c24bdc.sock
# environment
VSCODE_CWD = /
# environment
PATH = /Users/hameur/goinfre/.brew/bin:/usr/local/bin:/usr/bin:/bin:/usr/sbin:/sbin:/usr/local/munki
# environment
LSCOLORS = Gxfxcxdxbxegedabagacad
# environment
VSCODE_LOG_STACK = false
# environment
ELECTRON_RUN_AS_NODE = 1
# default
.FEATURES := target-specific order-only second-expansion else-if archives jobserver check-symlink
# environment
SSH_AUTH_SOCK = /private/tmp/com.apple.launchd.c7ztLAj10j/Listeners
# automatic
%F = $(notdir $%)
# environment
VSCODE_PIPE_LOGGING = true
# environment
PWD = /Users/hameur/Documents/Cercle_II/Push_Swap
# environment
ORIGINAL_XDG_CURRENT_DESKTOP = undefined
# makefile (from `Makefile', line 36)
GREEN = \033[0;32m
# environment
VSCODE_AMD_ENTRYPOINT = vs/workbench/api/node/extensionHostProcess
# environment
HOME = /Users/hameur
# default
MAKEFILEPATH = $(shell /usr/bin/xcode-select -print-path 2>/dev/null || echo /Developer)/Makefiles
# environment
VSCODE_CODE_CACHE_PATH = /Users/hameur/Library/Application Support/Code/CachedData/57fd6d0195bb9b9d1b49f6da5db789060795de47
# environment
LOGNAME = hameur
# environment
APPLICATION_INSIGHTS_NO_DIAGNOSTIC_CHANNEL = 1
# environment
ZSH = /Users/hameur/.oh-my-zsh
# environment
VSCODE_HANDLES_UNCAUGHT_ERRORS = true
# automatic
^D = $(patsubst %/,%,$(dir $^))
# environment
XPC_FLAGS = 0x0
# default
MAKE = $(MAKE_COMMAND)
# default
MAKECMDGOALS := all
# environment
SHLVL = 1
# makefile (from `Makefile', line 38)
WHITE = \033[0;37m
# makefile (from `Makefile', line 17)
CC := cc
# default
MAKE_VERSION := 3.81
# environment
USER = hameur
# makefile
.DEFAULT_GOAL := all
# makefile (from `Makefile', line 15)
NAME := Push_Swap
# environment
LESS = -R
# automatic
%D = $(patsubst %/,%,$(dir $%))
# default
MAKE_COMMAND := /Library/Developer/CommandLineTools/usr/bin/make
# default
.VARIABLES := 
# environment
TMPDIR = /var/folders/zz/zyxvpxvq6csfxvn_n000cdw80033g2/T/
# automatic
 
*F = $(notdir $*)
# environment
VSCODE_IPC_HOOK = /Users/hameur/Library/Application Support/Code/1.67.0-main.sock
# makefile (from `Makefile', line 35)
RED = \033[0;31m
# makefile
MAKEFLAGS = Rrqp
# environment
MFLAGS = -Rrqp
# automatic
*D = $(patsubst %/,%,$(dir $*))
# environment
XPC_SERVICE_NAME = com.microsoft.VSCode.2104
# automatic
+D = $(patsubst %/,%,$(dir $+))
# makefile (from `Makefile', line 37)
YELLOW = \033[1;33m
# automatic
+F = $(notdir $+)
# environment
__CF_USER_TEXT_ENCODING = 0x18DE2:0x0:0x0
# default
MAKEFILES := 
# environment
HOMEBREW_NO_AUTO_UPDATE = 1
# automatic
<F = $(notdir $<)
# environment
PAGER = less
# environment
LC_ALL = C
# automatic
^F = $(notdir $^)
# default
SUFFIXES := 
# default
.INCLUDE_DIRS = /usr/local/include
# environment
MAKELEVEL := 0
# environment
LANG = C
# environment
VSCODE_PID = 4373
# variable set hash-table stats:
# Load=74/1024=7%, Rehash=0, Collisions=5/107=5%

# Pattern-specific Variable Values

# No pattern-specific variable values.

# Directories

# . (device 16777225, inode 2978001): 19 files, no impossibilities.
# sort (device 16777225, inode 2978283): 5 files, no impossibilities so far.
# stock_args (device 16777225, inode 2978289): 3 files, no impossibilities so far.
# operations (device 16777225, inode 2978276): 5 files, no impossibilities so far.
# stacks (device 16777225, inode 2978286): 5 files, no impossibilities so far.

# 37 files, no impossibilities in 5 directories.

# Implicit Rules

%.o: %.c push_swap.h
#  commands to execute (from `Makefile', line 47):
	$(CC) $(FLAGS) -c $< -o $@ 
	

# 1 implicit rules, 0 (0.0%) terminal.

# Files

# Not a target:
push_swap.c:
#  Implicit rule search has been done.
#  Last modified 2022-06-11 19:50:55
#  File has been updated.
#  Successfully updated.
# variable set hash-table stats:
# Load=0/32=0%, Rehash=0, Collisions=0/0=0%

all: Push_Swap
#  Command-line target.
#  Implicit rule search has not been done.
#  Implicit/static pattern stem: `'
#  File does not exist.
#  File has been updated.
#  Needs to be updated (-q is set).
# automatic
# @ := all
# automatic
# % := 
# automatic
# * := 
# automatic
# + := Push_Swap
# automatic
# | := 
# automatic
# < := Push_Swap
# automatic
# ^ := Push_Swap
# automatic
# ? := Push_Swap
# variable set hash-table stats:
# Load=8/32=25%, Rehash=0, Collisions=2/13=15%
#  commands to execute (from `Makefile', line 41):
	@echo "${YELLOW}Meking${GREEN} Push_Swap ${WHITE}..."
	

# Not a target:
operations/operation_b.c:
#  Implicit rule search has been done.
#  Last modified 2022-06-11 20:09:16
#  File has been updated.
#  Successfully updated.
# variable set hash-table stats:
# Load=0/32=0%, Rehash=0, Collisions=0/0=0%

# Not a target:
push_swap.h:
#  Implicit rule search has been done.
#  Last modified 2022-06-11 19:32:04
#  File has been updated.
#  Successfully updated.
# variable set hash-table stats:
# Load=0/32=0%, Rehash=0, Collisions=0/0=0%

# Not a target:
sort/sort.c:
#  Implicit rule search has been done.
#  Last modified 2022-06-11 17:24:49
#  File has been updated.
#  Successfully updated.
# variable set hash-table stats:
# Load=0/32=0%, Rehash=0, Collisions=0/0=0%

# Not a target:
.SUFFIXES:
#  Implicit rule search has not been done.
#  Modification time never checked.
#  File has not been updated.

# Not a target:
Makefile:
#  Implicit rule search has been done.
#  Last modified 2022-06-11 17:24:49
#  File has been updated.
#  Successfully updated.
# variable set hash-table stats:
# Load=0/32=0%, Rehash=0, Collisions=0/0=0%

# Not a target:
stacks/stack_new.c:
#  Implicit rule search has been done.
#  Last modified 2022-06-11 18:33:28
#  File has been updated.
#  Successfully updated.
# variable set hash-table stats:
# Load=0/32=0%, Rehash=0, Collisions=0/0=0%

push_swap_utils.o: push_swap_utils.c push_swap.h
#  Implicit rule search has been done.
#  Implicit/static pattern stem: `push_swap_utils'
#  Last modified 2022-06-11 19:32:09
#  File has been updated.
#  Successfully updated.
# variable set hash-table stats:
# Load=0/32=0%, Rehash=0, Collisions=0/0=0%
#  commands to execute (from `Makefile', line 47):
	$(CC) $(FLAGS) -c $< -o $@ 
	

sort/sort_big.o: sort/sort_big.c push_swap.h
#  Implicit rule search has been done.
#  Implicit/static pattern stem: `sort/sort_big'
#  Last modified 2022-06-11 20:17:35
#  File has been updated.
#  Successfully updated.
# variable set hash-table stats:
# Load=0/32=0%, Rehash=0, Collisions=0/0=0%
#  commands to execute (from `Makefile', line 47):
	$(CC) $(FLAGS) -c $< -o $@ 
	

stock_args/read_args.o: stock_args/read_args.c push_swap.h
#  Implicit rule search has been done.
#  Implicit/static pattern stem: `stock_args/read_args'
#  Last modified 2022-06-11 19:32:08
#  File has been updated.
#  Successfully updated.
# variable set hash-table stats:
# Load=0/32=0%, Rehash=0, Collisions=0/0=0%
#  commands to execute (from `Makefile', line 47):
	$(CC) $(FLAGS) -c $< -o $@ 
	

fclean: clean
#  Implicit rule search has not been done.
#  Modification time never checked.
#  File has not been updated.
#  commands to execute (from `Makefile', line 53):
	@rm -rf $(OBJ)
	

stacks/stack_del.o: stacks/stack_del.c push_swap.h
#  Implicit rule search has been done.
#  Implicit/static pattern stem: `stacks/stack_del'
#  Last modified 2022-06-11 20:11:32
#  File has been updated.
#  Successfully updated.
# variable set hash-table stats:
# Load=0/32=0%, Rehash=0, Collisions=0/0=0%
#  commands to execute (from `Makefile', line 47):
	$(CC) $(FLAGS) -c $< -o $@ 
	

# Not a target:
.DEFAULT:
#  Implicit rule search has not been done.
#  Modification time never checked.
#  File has not been updated.

operations/operation_a.o: operations/operation_a.c push_swap.h
#  Implicit rule search has been done.
#  Implicit/static pattern stem: `operations/operation_a'
#  Last modified 2022-06-11 19:32:09
#  File has been updated.
#  Successfully updated.
# variable set hash-table stats:
# Load=0/32=0%, Rehash=0, Collisions=0/0=0%
#  commands to execute (from `Makefile', line 47):
	$(CC) $(FLAGS) -c $< -o $@ 
	

re: fclean all
#  Implicit rule search has not been done.
#  Modification time never checked.
#  File has not been updated.

clean:
#  Implicit rule search has not been done.
#  Modification time never checked.
#  File has not been updated.
#  commands to execute (from `Makefile', line 50):
	@rm -rf Push_Swap
	

# Not a target:
push_swap_utils.c:
#  Implicit rule search has been done.
#  Last modified 2022-06-11 17:24:49
#  File has been updated.
#  Successfully updated.
# variable set hash-table stats:
# Load=0/32=0%, Rehash=0, Collisions=0/0=0%

push_swap.o: push_swap.c push_swap.h
#  Implicit rule search has been done.
#  Implicit/static pattern stem: `push_swap'
#  Last modified 2022-06-11 19:53:07
#  File has been updated.
#  Successfully updated.
# variable set hash-table stats:
# Load=0/32=0%, Rehash=0, Collisions=0/0=0%
#  commands to execute (from `Makefile', line 47):
	$(CC) $(FLAGS) -c $< -o $@ 
	

Push_Swap: push_swap.o stock_args/read_args.o stacks/stack_new.o stacks/stack_del.o operations/operation_b.o operations/operation_a.o push_swap_utils.o sort/sort.o sort/sort_big.o
#  Implicit rule search has not been done.
#  Last modified 2022-06-11 20:17:35
#  File has been updated.
#  Successfully updated.
# variable set hash-table stats:
# Load=0/32=0%, Rehash=0, Collisions=0/0=0%
#  commands to execute (from `Makefile', line 44):
	$(CC) $(FLAGS) $^ -o $@ 
	

# Not a target:
sort/sort_big.c:
#  Implicit rule search has been done.
#  Last modified 2022-06-11 20:17:32
#  File has been updated.
#  Successfully updated.
# variable set hash-table stats:
# Load=0/32=0%, Rehash=0, Collisions=0/0=0%

# Not a target:
stock_args/read_args.c:
#  Implicit rule search has been done.
#  Last modified 2022-06-11 17:24:49
#  File has been updated.
#  Successfully updated.
# variable set hash-table stats:
# Load=0/32=0%, Rehash=0, Collisions=0/0=0%

operations/operation_b.o: operations/operation_b.c push_swap.h
#  Implicit rule search has been done.
#  Implicit/static pattern stem: `operations/operation_b'
#  Last modified 2022-06-11 20:09:32
#  File has been updated.
 
#  Successfully updated.
# variable set hash-table stats:
# Load=0/32=0%, Rehash=0, Collisions=0/0=0%
#  commands to execute (from `Makefile', line 47):
	$(CC) $(FLAGS) -c $< -o $@ 
	

# Not a target:
stacks/stack_del.c:
#  Implicit rule search has been done.
#  Last modified 2022-06-11 20:11:30
#  File has been updated.
#  Successfully updated.
# variable set hash-table stats:
# Load=0/32=0%, Rehash=0, Collisions=0/0=0%

sort/sort.o: sort/sort.c push_swap.h
#  Implicit rule search has been done.
#  Implicit/static pattern stem: `sort/sort'
#  Last modified 2022-06-11 19:32:09
#  File has been updated.
#  Successfully updated.
# variable set hash-table stats:
# Load=0/32=0%, Rehash=0, Collisions=0/0=0%
#  commands to execute (from `Makefile', line 47):
	$(CC) $(FLAGS) -c $< -o $@ 
	

stacks/stack_new.o: stacks/stack_new.c push_swap.h
#  Implicit rule search has been done.
#  Implicit/static pattern stem: `stacks/stack_new'
#  Last modified 2022-06-11 19:32:08
#  File has been updated.
#  Successfully updated.
# variable set hash-table stats:
# Load=0/32=0%, Rehash=0, Collisions=0/0=0%
#  commands to execute (from `Makefile', line 47):
	$(CC) $(FLAGS) -c $< -o $@ 
	

# Not a target:
operations/operation_a.c:
#  Implicit rule search has been done.
#  Last modified 2022-06-11 18:23:52
#  File has been updated.
#  Successfully updated.
# variable set hash-table stats:
# Load=0/32=0%, Rehash=0, Collisions=0/0=0%

# files hash-table stats:
# Load=27/1024=3%, Rehash=0, Collisions=0/99=0%
# VPATH Search Paths

# No `vpath' search paths.

# No general (`VPATH' variable) search path.

# # of strings in strcache: 1
# # of strcache buffers: 1
# strcache size: total = 4096 / max = 4096 / min = 4096 / avg = 4096
# strcache free: total = 4087 / max = 4087 / min = 4087 / avg = 4087

# Finished Make data base on Sat Jun 11 21:59:49 2022

 
